{
  "/Users/tristan/wokedex/wokedex-api/src/index.ts": {
    "path": "/Users/tristan/wokedex/wokedex-api/src/index.ts",
    "all": true,
    "statementMap": {
      "0": {
        "start": { "line": 1, "column": 0 },
        "end": { "line": 1, "column": 41 }
      },
      "1": {
        "start": { "line": 2, "column": 0 },
        "end": { "line": 2, "column": 27 }
      },
      "3": {
        "start": { "line": 4, "column": 0 },
        "end": { "line": 4, "column": 22 }
      },
      "5": {
        "start": { "line": 6, "column": 0 },
        "end": { "line": 6, "column": 42 }
      },
      "7": {
        "start": { "line": 8, "column": 0 },
        "end": { "line": 8, "column": 7 }
      },
      "8": {
        "start": { "line": 9, "column": 0 },
        "end": { "line": 9, "column": 19 }
      },
      "9": {
        "start": { "line": 10, "column": 0 },
        "end": { "line": 10, "column": 12 }
      },
      "10": {
        "start": { "line": 11, "column": 0 },
        "end": { "line": 11, "column": 14 }
      },
      "12": {
        "start": { "line": 13, "column": 0 },
        "end": { "line": 13, "column": 67 }
      },
      "13": {
        "start": { "line": 14, "column": 0 },
        "end": { "line": 14, "column": 2 }
      }
    },
    "s": {
      "0": 0,
      "1": 0,
      "3": 0,
      "5": 0,
      "7": 0,
      "8": 0,
      "9": 0,
      "10": 0,
      "12": 0,
      "13": 0
    },
    "branchMap": {
      "0": {
        "type": "branch",
        "line": 1,
        "loc": {
          "start": { "line": 1, "column": 0 },
          "end": { "line": 14, "column": -159 }
        },
        "locations": [
          {
            "start": { "line": 1, "column": 0 },
            "end": { "line": 14, "column": -159 }
          }
        ]
      }
    },
    "b": { "0": [0] },
    "fnMap": {
      "0": {
        "name": "(empty-report)",
        "decl": {
          "start": { "line": 1, "column": 0 },
          "end": { "line": 14, "column": -159 }
        },
        "loc": {
          "start": { "line": 1, "column": 0 },
          "end": { "line": 14, "column": -159 }
        },
        "line": 1
      }
    },
    "f": { "0": 0 }
  },
  "/Users/tristan/wokedex/wokedex-api/src/__tests__/helper.ts": {
    "path": "/Users/tristan/wokedex/wokedex-api/src/__tests__/helper.ts",
    "all": false,
    "statementMap": {
      "0": {
        "start": { "line": 1, "column": 0 },
        "end": { "line": 1, "column": 33 }
      },
      "1": {
        "start": { "line": 2, "column": 0 },
        "end": { "line": 2, "column": 35 }
      },
      "6": {
        "start": { "line": 7, "column": 0 },
        "end": { "line": 7, "column": 57 }
      },
      "7": {
        "start": { "line": 8, "column": 0 },
        "end": { "line": 8, "column": 27 }
      },
      "11": {
        "start": { "line": 12, "column": 0 },
        "end": { "line": 12, "column": 4 }
      },
      "12": {
        "start": { "line": 13, "column": 0 },
        "end": { "line": 13, "column": 1 }
      }
    },
    "s": { "0": 1, "1": 1, "6": 1, "7": 27, "11": 27, "12": 27 },
    "branchMap": {
      "0": {
        "type": "branch",
        "line": 7,
        "loc": {
          "start": { "line": 7, "column": 29 },
          "end": { "line": 13, "column": 1 }
        },
        "locations": [
          {
            "start": { "line": 7, "column": 29 },
            "end": { "line": 13, "column": 1 }
          }
        ]
      }
    },
    "b": { "0": [27] },
    "fnMap": {
      "0": {
        "name": "cleanDatabase",
        "decl": {
          "start": { "line": 7, "column": 29 },
          "end": { "line": 13, "column": 1 }
        },
        "loc": {
          "start": { "line": 7, "column": 29 },
          "end": { "line": 13, "column": 1 }
        },
        "line": 7
      }
    },
    "f": { "0": 27 }
  },
  "/Users/tristan/wokedex/wokedex-api/src/__tests__/setup.ts": {
    "path": "/Users/tristan/wokedex/wokedex-api/src/__tests__/setup.ts",
    "all": false,
    "statementMap": {
      "3": {
        "start": { "line": 4, "column": 0 },
        "end": { "line": 4, "column": 64 }
      },
      "4": {
        "start": { "line": 5, "column": 0 },
        "end": { "line": 5, "column": 51 }
      },
      "5": {
        "start": { "line": 6, "column": 0 },
        "end": { "line": 6, "column": 60 }
      },
      "6": {
        "start": { "line": 7, "column": 0 },
        "end": { "line": 7, "column": 25 }
      },
      "7": {
        "start": { "line": 8, "column": 0 },
        "end": { "line": 8, "column": 44 }
      },
      "8": {
        "start": { "line": 9, "column": 0 },
        "end": { "line": 9, "column": 41 }
      },
      "9": {
        "start": { "line": 10, "column": 0 },
        "end": { "line": 10, "column": 43 }
      },
      "11": {
        "start": { "line": 12, "column": 0 },
        "end": { "line": 12, "column": 94 }
      },
      "12": {
        "start": { "line": 13, "column": 0 },
        "end": { "line": 13, "column": 45 }
      },
      "13": {
        "start": { "line": 14, "column": 0 },
        "end": { "line": 14, "column": 98 }
      },
      "15": {
        "start": { "line": 16, "column": 0 },
        "end": { "line": 16, "column": 23 }
      },
      "16": {
        "start": { "line": 17, "column": 0 },
        "end": { "line": 17, "column": 52 }
      },
      "18": {
        "start": { "line": 19, "column": 0 },
        "end": { "line": 19, "column": 65 }
      },
      "19": {
        "start": { "line": 20, "column": 0 },
        "end": { "line": 20, "column": 27 }
      },
      "20": {
        "start": { "line": 21, "column": 0 },
        "end": { "line": 21, "column": 29 }
      },
      "21": {
        "start": { "line": 22, "column": 0 },
        "end": { "line": 22, "column": 29 }
      },
      "22": {
        "start": { "line": 23, "column": 0 },
        "end": { "line": 23, "column": 27 }
      },
      "23": {
        "start": { "line": 24, "column": 0 },
        "end": { "line": 24, "column": 32 }
      },
      "24": {
        "start": { "line": 25, "column": 0 },
        "end": { "line": 25, "column": 12 }
      },
      "26": {
        "start": { "line": 27, "column": 0 },
        "end": { "line": 27, "column": 78 }
      },
      "28": {
        "start": { "line": 29, "column": 0 },
        "end": { "line": 29, "column": 55 }
      },
      "29": {
        "start": { "line": 30, "column": 0 },
        "end": { "line": 30, "column": 45 }
      },
      "31": {
        "start": { "line": 32, "column": 0 },
        "end": { "line": 32, "column": 19 }
      },
      "32": {
        "start": { "line": 33, "column": 0 },
        "end": { "line": 33, "column": 21 }
      },
      "33": {
        "start": { "line": 34, "column": 0 },
        "end": { "line": 34, "column": 12 }
      },
      "34": {
        "start": { "line": 35, "column": 0 },
        "end": { "line": 35, "column": 29 }
      },
      "35": {
        "start": { "line": 36, "column": 0 },
        "end": { "line": 36, "column": 35 }
      },
      "36": {
        "start": { "line": 37, "column": 0 },
        "end": { "line": 37, "column": 4 }
      },
      "38": {
        "start": { "line": 39, "column": 0 },
        "end": { "line": 39, "column": 36 }
      },
      "40": {
        "start": { "line": 41, "column": 0 },
        "end": { "line": 41, "column": 41 }
      },
      "41": {
        "start": { "line": 42, "column": 0 },
        "end": { "line": 42, "column": 58 }
      },
      "43": {
        "start": { "line": 44, "column": 0 },
        "end": { "line": 44, "column": 39 }
      },
      "44": {
        "start": { "line": 45, "column": 0 },
        "end": { "line": 45, "column": 11 }
      },
      "46": {
        "start": { "line": 47, "column": 0 },
        "end": { "line": 47, "column": 22 }
      },
      "47": {
        "start": { "line": 48, "column": 0 },
        "end": { "line": 48, "column": 49 }
      },
      "48": {
        "start": { "line": 49, "column": 0 },
        "end": { "line": 49, "column": 23 }
      },
      "50": {
        "start": { "line": 51, "column": 0 },
        "end": { "line": 51, "column": 13 }
      },
      "51": {
        "start": { "line": 52, "column": 0 },
        "end": { "line": 52, "column": 20 }
      },
      "52": {
        "start": { "line": 53, "column": 0 },
        "end": { "line": 53, "column": 42 }
      },
      "53": {
        "start": { "line": 54, "column": 0 },
        "end": { "line": 54, "column": 3 }
      },
      "55": {
        "start": { "line": 56, "column": 0 },
        "end": { "line": 56, "column": 18 }
      },
      "56": {
        "start": { "line": 57, "column": 0 },
        "end": { "line": 57, "column": 26 }
      },
      "57": {
        "start": { "line": 58, "column": 0 },
        "end": { "line": 58, "column": 39 }
      },
      "58": {
        "start": { "line": 59, "column": 0 },
        "end": { "line": 59, "column": 3 }
      },
      "59": {
        "start": { "line": 60, "column": 0 },
        "end": { "line": 60, "column": 10 }
      }
    },
    "s": {
      "3": 1,
      "4": 1,
      "5": 1,
      "6": 1,
      "7": 1,
      "8": 1,
      "9": 1,
      "11": 1,
      "12": 1,
      "13": 1,
      "15": 1,
      "16": 1,
      "18": 1,
      "19": 1,
      "20": 1,
      "21": 1,
      "22": 1,
      "23": 1,
      "24": 1,
      "26": 1,
      "28": 1,
      "29": 1,
      "31": 1,
      "32": 1,
      "33": 1,
      "34": 1,
      "35": 1,
      "36": 1,
      "38": 1,
      "40": 1,
      "41": 1,
      "43": 1,
      "44": 1,
      "46": 1,
      "47": 1,
      "48": 1,
      "50": 1,
      "51": 1,
      "52": 1,
      "53": 1,
      "55": 1,
      "56": 1,
      "57": 1,
      "58": 1,
      "59": 1
    },
    "branchMap": {
      "0": {
        "type": "branch",
        "line": 16,
        "loc": {
          "start": { "line": 16, "column": 10 },
          "end": { "line": 45, "column": 3 }
        },
        "locations": [
          {
            "start": { "line": 16, "column": 10 },
            "end": { "line": 45, "column": 3 }
          }
        ]
      },
      "1": {
        "type": "branch",
        "line": 47,
        "loc": {
          "start": { "line": 47, "column": 9 },
          "end": { "line": 60, "column": 3 }
        },
        "locations": [
          {
            "start": { "line": 47, "column": 9 },
            "end": { "line": 60, "column": 3 }
          }
        ]
      }
    },
    "b": { "0": [1], "1": [1] },
    "fnMap": {},
    "f": {}
  },
  "/Users/tristan/wokedex/wokedex-api/src/db/index.ts": {
    "path": "/Users/tristan/wokedex/wokedex-api/src/db/index.ts",
    "all": false,
    "statementMap": {
      "0": {
        "start": { "line": 1, "column": 0 },
        "end": { "line": 1, "column": 37 }
      },
      "1": {
        "start": { "line": 2, "column": 0 },
        "end": { "line": 2, "column": 51 }
      },
      "2": {
        "start": { "line": 3, "column": 0 },
        "end": { "line": 3, "column": 25 }
      },
      "4": {
        "start": { "line": 5, "column": 0 },
        "end": { "line": 5, "column": 23 }
      },
      "5": {
        "start": { "line": 6, "column": 0 },
        "end": { "line": 6, "column": 44 }
      },
      "6": {
        "start": { "line": 7, "column": 0 },
        "end": { "line": 7, "column": 2 }
      },
      "8": {
        "start": { "line": 9, "column": 0 },
        "end": { "line": 9, "column": 43 }
      }
    },
    "s": { "0": 1, "1": 1, "2": 1, "4": 1, "5": 1, "6": 1, "8": 1 },
    "branchMap": {},
    "b": {},
    "fnMap": {},
    "f": {}
  },
  "/Users/tristan/wokedex/wokedex-api/src/db/schema.ts": {
    "path": "/Users/tristan/wokedex/wokedex-api/src/db/schema.ts",
    "all": false,
    "statementMap": {
      "0": {
        "start": { "line": 1, "column": 0 },
        "end": { "line": 1, "column": 33 }
      },
      "1": {
        "start": { "line": 2, "column": 0 },
        "end": { "line": 2, "column": 62 }
      },
      "3": {
        "start": { "line": 4, "column": 0 },
        "end": { "line": 4, "column": 39 }
      },
      "4": {
        "start": { "line": 5, "column": 0 },
        "end": { "line": 5, "column": 62 }
      },
      "5": {
        "start": { "line": 6, "column": 0 },
        "end": { "line": 6, "column": 48 }
      },
      "6": {
        "start": { "line": 7, "column": 0 },
        "end": { "line": 7, "column": 40 }
      },
      "7": {
        "start": { "line": 8, "column": 0 },
        "end": { "line": 8, "column": 48 }
      },
      "8": {
        "start": { "line": 9, "column": 0 },
        "end": { "line": 9, "column": 73 }
      },
      "9": {
        "start": { "line": 10, "column": 0 },
        "end": { "line": 10, "column": 39 }
      },
      "10": {
        "start": { "line": 11, "column": 0 },
        "end": { "line": 11, "column": 60 }
      },
      "11": {
        "start": { "line": 12, "column": 0 },
        "end": { "line": 12, "column": 36 }
      },
      "12": {
        "start": { "line": 13, "column": 0 },
        "end": { "line": 13, "column": 2 }
      }
    },
    "s": {
      "0": 1,
      "1": 1,
      "3": 1,
      "4": 1,
      "5": 1,
      "6": 1,
      "7": 1,
      "8": 1,
      "9": 1,
      "10": 1,
      "11": 1,
      "12": 1
    },
    "branchMap": {},
    "b": {},
    "fnMap": {},
    "f": {}
  },
  "/Users/tristan/wokedex/wokedex-api/src/routes/auth.ts": {
    "path": "/Users/tristan/wokedex/wokedex-api/src/routes/auth.ts",
    "all": true,
    "statementMap": {},
    "s": {},
    "branchMap": {
      "0": {
        "type": "branch",
        "line": 1,
        "loc": {
          "start": { "line": 1, "column": 0 },
          "end": { "line": 1, "column": 0 }
        },
        "locations": [
          {
            "start": { "line": 1, "column": 0 },
            "end": { "line": 1, "column": 0 }
          }
        ]
      }
    },
    "b": { "0": [1] },
    "fnMap": {
      "0": {
        "name": "(empty-report)",
        "decl": {
          "start": { "line": 1, "column": 0 },
          "end": { "line": 1, "column": 0 }
        },
        "loc": {
          "start": { "line": 1, "column": 0 },
          "end": { "line": 1, "column": 0 }
        },
        "line": 1
      }
    },
    "f": { "0": 1 }
  },
  "/Users/tristan/wokedex/wokedex-api/src/routes/verify.ts": {
    "path": "/Users/tristan/wokedex/wokedex-api/src/routes/verify.ts",
    "all": true,
    "statementMap": {},
    "s": {},
    "branchMap": {
      "0": {
        "type": "branch",
        "line": 1,
        "loc": {
          "start": { "line": 1, "column": 0 },
          "end": { "line": 1, "column": 0 }
        },
        "locations": [
          {
            "start": { "line": 1, "column": 0 },
            "end": { "line": 1, "column": 0 }
          }
        ]
      }
    },
    "b": { "0": [1] },
    "fnMap": {
      "0": {
        "name": "(empty-report)",
        "decl": {
          "start": { "line": 1, "column": 0 },
          "end": { "line": 1, "column": 0 }
        },
        "loc": {
          "start": { "line": 1, "column": 0 },
          "end": { "line": 1, "column": 0 }
        },
        "line": 1
      }
    },
    "f": { "0": 1 }
  },
  "/Users/tristan/wokedex/wokedex-api/src/types/user.ts": {
    "path": "/Users/tristan/wokedex/wokedex-api/src/types/user.ts",
    "all": true,
    "statementMap": {},
    "s": {},
    "branchMap": {
      "0": {
        "type": "branch",
        "line": 1,
        "loc": {
          "start": { "line": 1, "column": 173 },
          "end": { "line": 10, "column": 55 }
        },
        "locations": [
          {
            "start": { "line": 1, "column": 173 },
            "end": { "line": 10, "column": 55 }
          }
        ]
      }
    },
    "b": { "0": [1] },
    "fnMap": {
      "0": {
        "name": "(empty-report)",
        "decl": {
          "start": { "line": 1, "column": 173 },
          "end": { "line": 10, "column": 55 }
        },
        "loc": {
          "start": { "line": 1, "column": 173 },
          "end": { "line": 10, "column": 55 }
        },
        "line": 1
      }
    },
    "f": { "0": 1 }
  },
  "/Users/tristan/wokedex/wokedex-api/src/utils/users/createUser.ts": {
    "path": "/Users/tristan/wokedex/wokedex-api/src/utils/users/createUser.ts",
    "all": false,
    "statementMap": {
      "0": {
        "start": { "line": 1, "column": 0 },
        "end": { "line": 1, "column": 52 }
      },
      "4": {
        "start": { "line": 5, "column": 0 },
        "end": { "line": 5, "column": 42 }
      },
      "6": {
        "start": { "line": 7, "column": 0 },
        "end": { "line": 7, "column": 56 }
      },
      "15": {
        "start": { "line": 16, "column": 0 },
        "end": { "line": 16, "column": 84 }
      },
      "16": {
        "start": { "line": 17, "column": 0 },
        "end": { "line": 17, "column": 47 }
      },
      "17": {
        "start": { "line": 18, "column": 0 },
        "end": { "line": 18, "column": 28 }
      },
      "18": {
        "start": { "line": 19, "column": 0 },
        "end": { "line": 19, "column": 28 }
      },
      "19": {
        "start": { "line": 20, "column": 0 },
        "end": { "line": 20, "column": 19 }
      },
      "20": {
        "start": { "line": 21, "column": 0 },
        "end": { "line": 21, "column": 28 }
      },
      "21": {
        "start": { "line": 22, "column": 0 },
        "end": { "line": 22, "column": 21 }
      },
      "22": {
        "start": { "line": 23, "column": 0 },
        "end": { "line": 23, "column": 3 }
      },
      "24": {
        "start": { "line": 25, "column": 0 },
        "end": { "line": 25, "column": 7 }
      },
      "25": {
        "start": { "line": 26, "column": 0 },
        "end": { "line": 26, "column": 42 }
      },
      "27": {
        "start": { "line": 28, "column": 0 },
        "end": { "line": 28, "column": 15 }
      },
      "28": {
        "start": { "line": 29, "column": 0 },
        "end": { "line": 29, "column": 19 }
      },
      "30": {
        "start": { "line": 31, "column": 0 },
        "end": { "line": 31, "column": 68 }
      },
      "31": {
        "start": { "line": 32, "column": 0 },
        "end": { "line": 32, "column": 73 }
      },
      "34": {
        "start": { "line": 35, "column": 0 },
        "end": { "line": 35, "column": 35 }
      },
      "35": {
        "start": { "line": 36, "column": 0 },
        "end": { "line": 36, "column": 59 }
      },
      "36": {
        "start": { "line": 37, "column": 0 },
        "end": { "line": 37, "column": 73 }
      },
      "37": {
        "start": { "line": 38, "column": 0 },
        "end": { "line": 38, "column": 9 }
      },
      "39": {
        "start": { "line": 40, "column": 0 },
        "end": { "line": 40, "column": 55 }
      },
      "40": {
        "start": { "line": 41, "column": 0 },
        "end": { "line": 41, "column": 72 }
      },
      "41": {
        "start": { "line": 42, "column": 0 },
        "end": { "line": 42, "column": 9 }
      },
      "43": {
        "start": { "line": 44, "column": 0 },
        "end": { "line": 44, "column": 46 }
      },
      "44": {
        "start": { "line": 45, "column": 0 },
        "end": { "line": 45, "column": 7 }
      },
      "45": {
        "start": { "line": 46, "column": 0 },
        "end": { "line": 46, "column": 5 }
      },
      "47": {
        "start": { "line": 48, "column": 0 },
        "end": { "line": 48, "column": 15 }
      },
      "48": {
        "start": { "line": 49, "column": 0 },
        "end": { "line": 49, "column": 3 }
      },
      "49": {
        "start": { "line": 50, "column": 0 },
        "end": { "line": 50, "column": 1 }
      }
    },
    "s": {
      "0": 1,
      "4": 1,
      "6": 1,
      "15": 1,
      "16": 18,
      "17": 18,
      "18": 18,
      "19": 18,
      "20": 18,
      "21": 18,
      "22": 18,
      "24": 18,
      "25": 18,
      "27": 14,
      "28": 18,
      "30": 4,
      "31": 4,
      "34": 4,
      "35": 4,
      "36": 2,
      "37": 2,
      "39": 2,
      "40": 2,
      "41": 2,
      "43": 0,
      "44": 0,
      "45": 4,
      "47": 0,
      "48": 0,
      "49": 18
    },
    "branchMap": {
      "0": {
        "type": "branch",
        "line": 16,
        "loc": {
          "start": { "line": 16, "column": 19 },
          "end": { "line": 50, "column": 1 }
        },
        "locations": [
          {
            "start": { "line": 16, "column": 19 },
            "end": { "line": 50, "column": 1 }
          }
        ]
      },
      "1": {
        "type": "branch",
        "line": 26,
        "loc": {
          "start": { "line": 26, "column": 41 },
          "end": { "line": 29, "column": 11 }
        },
        "locations": [
          {
            "start": { "line": 26, "column": 41 },
            "end": { "line": 29, "column": 11 }
          }
        ]
      },
      "2": {
        "type": "branch",
        "line": 29,
        "loc": {
          "start": { "line": 29, "column": 2 },
          "end": { "line": 49, "column": 3 }
        },
        "locations": [
          {
            "start": { "line": 29, "column": 2 },
            "end": { "line": 49, "column": 3 }
          }
        ]
      },
      "3": {
        "type": "branch",
        "line": 36,
        "loc": {
          "start": { "line": 36, "column": 58 },
          "end": { "line": 42, "column": 9 }
        },
        "locations": [
          {
            "start": { "line": 36, "column": 58 },
            "end": { "line": 42, "column": 9 }
          }
        ]
      },
      "4": {
        "type": "branch",
        "line": 42,
        "loc": {
          "start": { "line": 42, "column": 8 },
          "end": { "line": 45, "column": 7 }
        },
        "locations": [
          {
            "start": { "line": 42, "column": 8 },
            "end": { "line": 45, "column": 7 }
          }
        ]
      },
      "5": {
        "type": "branch",
        "line": 46,
        "loc": {
          "start": { "line": 46, "column": 4 },
          "end": { "line": 49, "column": 3 }
        },
        "locations": [
          {
            "start": { "line": 46, "column": 4 },
            "end": { "line": 49, "column": 3 }
          }
        ]
      }
    },
    "b": { "0": [18], "1": [14], "2": [4], "3": [2], "4": [0], "5": [0] },
    "fnMap": {
      "0": {
        "name": "createUser",
        "decl": {
          "start": { "line": 16, "column": 19 },
          "end": { "line": 50, "column": 1 }
        },
        "loc": {
          "start": { "line": 16, "column": 19 },
          "end": { "line": 50, "column": 1 }
        },
        "line": 16
      }
    },
    "f": { "0": 18 }
  },
  "/Users/tristan/wokedex/wokedex-api/src/utils/users/generateUserHash.ts": {
    "path": "/Users/tristan/wokedex/wokedex-api/src/utils/users/generateUserHash.ts",
    "all": false,
    "statementMap": {
      "0": {
        "start": { "line": 1, "column": 0 },
        "end": { "line": 1, "column": 27 }
      },
      "8": {
        "start": { "line": 9, "column": 0 },
        "end": { "line": 9, "column": 53 }
      },
      "9": {
        "start": { "line": 10, "column": 0 },
        "end": { "line": 10, "column": 65 }
      },
      "11": {
        "start": { "line": 12, "column": 0 },
        "end": { "line": 12, "column": 44 }
      },
      "12": {
        "start": { "line": 13, "column": 0 },
        "end": { "line": 13, "column": 39 }
      },
      "13": {
        "start": { "line": 14, "column": 0 },
        "end": { "line": 14, "column": 18 }
      },
      "14": {
        "start": { "line": 15, "column": 0 },
        "end": { "line": 15, "column": 1 }
      }
    },
    "s": { "0": 1, "8": 1, "9": 33, "11": 33, "12": 33, "13": 33, "14": 33 },
    "branchMap": {
      "0": {
        "type": "branch",
        "line": 9,
        "loc": {
          "start": { "line": 9, "column": 25 },
          "end": { "line": 15, "column": 1 }
        },
        "locations": [
          {
            "start": { "line": 9, "column": 25 },
            "end": { "line": 15, "column": 1 }
          }
        ]
      }
    },
    "b": { "0": [33] },
    "fnMap": {
      "0": {
        "name": "generateUserHash",
        "decl": {
          "start": { "line": 9, "column": 25 },
          "end": { "line": 15, "column": 1 }
        },
        "loc": {
          "start": { "line": 9, "column": 25 },
          "end": { "line": 15, "column": 1 }
        },
        "line": 9
      }
    },
    "f": { "0": 33 }
  }
}
